mode: set
kdebug/main.go:8.13,10.2 1 0
kdebug/cmd/cluster.go:46.13,53.2 3 0
kdebug/cmd/cluster.go:56.69,69.13 6 0
kdebug/cmd/cluster.go:69.13,73.23 3 0
kdebug/cmd/cluster.go:73.23,75.4 1 0
kdebug/cmd/cluster.go:77.3,77.16 1 0
kdebug/cmd/cluster.go:81.2,82.16 2 0
kdebug/cmd/cluster.go:82.16,85.3 2 0
kdebug/cmd/cluster.go:88.2,88.54 1 0
kdebug/cmd/cluster.go:88.54,93.3 3 0
kdebug/cmd/cluster.go:96.2,100.16 3 0
kdebug/cmd/cluster.go:100.16,103.3 2 0
kdebug/cmd/cluster.go:106.2,106.15 1 0
kdebug/cmd/cluster.go:106.15,108.3 1 0
kdebug/cmd/cluster.go:111.2,111.54 1 0
kdebug/cmd/cluster.go:111.54,114.3 2 0
kdebug/cmd/cluster.go:117.2,117.31 1 0
kdebug/cmd/cluster.go:117.31,124.3 4 0
kdebug/cmd/cluster.go:126.2,126.33 1 0
kdebug/cmd/cluster.go:126.33,130.3 3 0
kdebug/cmd/cluster.go:132.2,132.64 1 0
kdebug/cmd/cluster.go:132.64,135.3 2 0
kdebug/cmd/cluster.go:137.2,137.12 1 0
kdebug/cmd/cluster.go:141.85,144.38 2 0
kdebug/cmd/cluster.go:144.38,147.54 1 0
kdebug/cmd/cluster.go:147.54,149.4 1 0
kdebug/cmd/cluster.go:153.2,159.39 5 0
kdebug/cmd/cluster.go:159.39,162.23 2 0
kdebug/cmd/cluster.go:163.28,164.23 1 0
kdebug/cmd/cluster.go:165.28,166.23 1 0
kdebug/cmd/cluster.go:167.29,168.25 1 0
kdebug/cmd/cluster.go:169.29,170.24 1 0
kdebug/cmd/cluster.go:174.2,176.19 2 0
kdebug/cmd/cluster.go:180.54,181.36 1 0
kdebug/cmd/cluster.go:181.36,182.28 1 0
kdebug/cmd/cluster.go:182.28,183.45 1 0
kdebug/cmd/cluster.go:183.45,184.37 1 0
kdebug/cmd/cluster.go:184.37,186.6 1 0
kdebug/cmd/cluster.go:191.2,191.14 1 0
kdebug/cmd/ingress.go:56.13,69.2 8 0
kdebug/cmd/ingress.go:71.67,77.21 3 0
kdebug/cmd/ingress.go:77.21,79.3 1 0
kdebug/cmd/ingress.go:82.2,87.16 4 0
kdebug/cmd/ingress.go:87.16,89.3 1 0
kdebug/cmd/ingress.go:92.2,107.20 4 0
kdebug/cmd/ingress.go:107.20,113.17 4 0
kdebug/cmd/ingress.go:113.17,115.4 1 0
kdebug/cmd/ingress.go:118.3,118.55 1 0
kdebug/cmd/ingress.go:118.55,120.4 1 0
kdebug/cmd/ingress.go:122.8,122.23 1 0
kdebug/cmd/ingress.go:122.23,125.17 2 0
kdebug/cmd/ingress.go:125.17,127.4 1 0
kdebug/cmd/ingress.go:130.3,130.34 1 0
kdebug/cmd/ingress.go:130.34,131.56 1 0
kdebug/cmd/ingress.go:131.56,133.5 1 0
kdebug/cmd/ingress.go:135.4,135.58 1 0
kdebug/cmd/ingress.go:135.58,137.5 1 0
kdebug/cmd/ingress.go:141.3,141.23 1 0
kdebug/cmd/ingress.go:141.23,143.4 1 0
kdebug/cmd/ingress.go:145.8,147.3 1 0
kdebug/cmd/ingress.go:149.2,149.12 1 0
kdebug/cmd/ingress.go:153.62,157.33 3 0
kdebug/cmd/ingress.go:157.33,163.3 5 0
kdebug/cmd/ingress.go:165.2,174.21 8 0
kdebug/cmd/ingress.go:174.21,177.3 2 0
kdebug/cmd/pod.go:49.13,60.2 8 0
kdebug/cmd/pod.go:62.65,79.32 12 0
kdebug/cmd/pod.go:79.32,81.3 1 0
kdebug/cmd/pod.go:83.2,83.30 1 0
kdebug/cmd/pod.go:83.30,85.3 1 0
kdebug/cmd/pod.go:88.2,90.16 3 0
kdebug/cmd/pod.go:90.16,93.3 2 0
kdebug/cmd/pod.go:96.2,97.54 2 0
kdebug/cmd/pod.go:97.54,100.3 2 0
kdebug/cmd/pod.go:102.2,120.13 6 0
kdebug/cmd/pod.go:120.13,123.17 3 0
kdebug/cmd/pod.go:123.17,125.4 1 0
kdebug/cmd/pod.go:126.8,130.12 3 0
kdebug/cmd/pod.go:130.12,132.4 1 0
kdebug/cmd/pod.go:134.3,135.17 2 0
kdebug/cmd/pod.go:135.17,137.4 1 0
kdebug/cmd/pod.go:141.2,141.58 1 0
kdebug/cmd/pod.go:141.58,143.3 1 0
kdebug/cmd/pod.go:147.2,147.12 1 0
kdebug/cmd/root.go:34.16,36.16 2 0
kdebug/cmd/root.go:36.16,38.3 1 0
kdebug/cmd/root.go:49.13,55.2 4 0
kdebug/cmd/service.go:43.13,52.2 6 0
kdebug/cmd/service.go:54.69,69.54 10 0
kdebug/cmd/service.go:69.54,71.3 1 0
kdebug/cmd/service.go:73.2,73.19 1 0
kdebug/cmd/service.go:73.19,75.3 1 0
kdebug/cmd/service.go:78.2,83.16 4 0
kdebug/cmd/service.go:83.16,85.3 1 0
kdebug/cmd/service.go:88.2,104.34 4 0
kdebug/cmd/service.go:104.34,107.17 2 0
kdebug/cmd/service.go:107.17,109.4 1 0
kdebug/cmd/service.go:112.3,112.34 1 0
kdebug/cmd/service.go:112.34,113.56 1 0
kdebug/cmd/service.go:113.56,115.5 1 0
kdebug/cmd/service.go:116.4,116.17 1 0
kdebug/cmd/service.go:120.3,120.23 1 0
kdebug/cmd/service.go:120.23,122.4 1 0
kdebug/cmd/service.go:124.8,128.17 3 0
kdebug/cmd/service.go:128.17,130.4 1 0
kdebug/cmd/service.go:133.3,133.55 1 0
kdebug/cmd/service.go:133.55,135.4 1 0
kdebug/cmd/service.go:138.2,138.12 1 0
kdebug/cmd/service.go:142.96,143.44 1 0
kdebug/cmd/service.go:143.44,145.3 1 0
kdebug/cmd/service.go:147.2,152.33 5 0
kdebug/cmd/service.go:152.33,153.32 1 0
kdebug/cmd/service.go:153.32,155.4 1 0
kdebug/cmd/service.go:155.9,155.41 1 0
kdebug/cmd/service.go:155.41,157.4 1 0
kdebug/cmd/service.go:157.9,159.4 1 0
kdebug/cmd/service.go:162.2,168.27 6 0
kdebug/cmd/service.go:168.27,173.3 4 0
kdebug/internal/output/output.go:27.42,29.2 1 1
kdebug/internal/output/output.go:31.31,33.2 1 1
kdebug/internal/output/output.go:35.30,37.2 1 1
kdebug/internal/output/output.go:94.67,98.22 2 1
kdebug/internal/output/output.go:99.43,99.43 0 1
kdebug/internal/output/output.go:101.10,102.29 1 1
kdebug/internal/output/output.go:105.2,108.3 1 1
kdebug/internal/output/output.go:112.69,113.18 1 1
kdebug/internal/output/output.go:114.18,115.29 1 1
kdebug/internal/output/output.go:116.18,117.29 1 1
kdebug/internal/output/output.go:118.19,119.30 1 1
kdebug/internal/output/output.go:120.10,121.30 1 0
kdebug/internal/output/output.go:126.67,130.2 3 1
kdebug/internal/output/output.go:133.67,135.15 2 1
kdebug/internal/output/output.go:135.15,136.41 1 1
kdebug/internal/output/output.go:136.41,138.4 1 0
kdebug/internal/output/output.go:140.2,140.31 1 1
kdebug/internal/output/output.go:144.68,150.30 3 1
kdebug/internal/output/output.go:150.30,154.3 1 0
kdebug/internal/output/output.go:156.2,162.38 4 1
kdebug/internal/output/output.go:162.38,167.83 3 1
kdebug/internal/output/output.go:167.83,168.27 1 1
kdebug/internal/output/output.go:168.27,170.5 1 1
kdebug/internal/output/output.go:171.4,171.30 1 1
kdebug/internal/output/output.go:171.30,173.5 1 1
kdebug/internal/output/output.go:174.4,174.30 1 1
kdebug/internal/output/output.go:174.30,175.43 1 1
kdebug/internal/output/output.go:175.43,177.6 1 1
kdebug/internal/output/output.go:179.4,179.17 1 1
kdebug/internal/output/output.go:184.2,195.16 8 1
kdebug/internal/output/output.go:195.16,197.3 1 1
kdebug/internal/output/output.go:198.2,198.16 1 1
kdebug/internal/output/output.go:198.16,200.3 1 1
kdebug/internal/output/output.go:201.2,201.18 1 1
kdebug/internal/output/output.go:201.18,203.3 1 1
kdebug/internal/output/output.go:204.2,204.17 1 1
kdebug/internal/output/output.go:204.17,206.3 1 0
kdebug/internal/output/output.go:208.2,211.48 2 1
kdebug/internal/output/output.go:211.48,215.39 3 1
kdebug/internal/output/output.go:215.39,216.36 1 1
kdebug/internal/output/output.go:216.36,218.28 2 1
kdebug/internal/output/output.go:218.28,220.6 1 1
kdebug/internal/output/output.go:224.3,224.39 1 1
kdebug/internal/output/output.go:224.39,225.37 1 1
kdebug/internal/output/output.go:225.37,227.28 2 1
kdebug/internal/output/output.go:227.28,229.6 1 1
kdebug/internal/output/output.go:233.3,234.73 2 1
kdebug/internal/output/output.go:237.2,237.12 1 1
kdebug/internal/output/output.go:241.70,242.16 1 1
kdebug/internal/output/output.go:243.20,244.40 1 1
kdebug/internal/output/output.go:245.20,246.38 1 1
kdebug/internal/output/output.go:247.21,248.42 1 1
kdebug/internal/output/output.go:249.21,250.40 1 0
kdebug/internal/output/output.go:251.10,252.41 1 0
kdebug/internal/output/output.go:257.65,258.16 1 1
kdebug/internal/output/output.go:259.20,260.15 1 1
kdebug/internal/output/output.go:261.20,262.15 1 1
kdebug/internal/output/output.go:263.21,264.18 1 1
kdebug/internal/output/output.go:265.21,266.18 1 1
kdebug/internal/output/output.go:267.10,268.15 1 1
kdebug/internal/output/output.go:273.63,276.16 2 1
kdebug/internal/output/output.go:276.16,277.16 1 0
kdebug/internal/output/output.go:277.16,279.4 1 0
kdebug/internal/output/output.go:284.54,286.54 1 1
kdebug/internal/output/output.go:286.54,288.3 1 0
kdebug/internal/output/output.go:288.8,290.3 1 1
kdebug/internal/output/output.go:294.51,296.54 1 1
kdebug/internal/output/output.go:296.54,298.3 1 0
kdebug/internal/output/output.go:298.8,300.3 1 1
kdebug/internal/output/output.go:304.54,306.54 1 1
kdebug/internal/output/output.go:306.54,308.3 1 0
kdebug/internal/output/output.go:308.8,310.3 1 1
kdebug/internal/client/client.go:24.72,29.22 3 1
kdebug/internal/client/client.go:29.22,32.17 2 1
kdebug/internal/client/client.go:32.17,39.18 5 1
kdebug/internal/client/client.go:39.18,41.5 1 1
kdebug/internal/client/client.go:43.8,46.17 2 1
kdebug/internal/client/client.go:46.17,48.4 1 1
kdebug/internal/client/client.go:52.2,53.16 2 0
kdebug/internal/client/client.go:53.16,55.3 1 0
kdebug/internal/client/client.go:58.2,64.8 2 0
kdebug/internal/client/client.go:68.70,70.16 2 0
kdebug/internal/client/client.go:70.16,73.93 2 0
kdebug/internal/client/client.go:73.93,79.4 1 0
kdebug/internal/client/client.go:81.3,81.97 1 0
kdebug/internal/client/client.go:81.97,87.4 1 0
kdebug/internal/client/client.go:89.3,89.72 1 0
kdebug/internal/client/client.go:92.2,92.12 1 0
kdebug/internal/client/client.go:96.91,98.16 2 0
kdebug/internal/client/client.go:98.16,100.3 1 0
kdebug/internal/client/client.go:102.2,110.18 2 0
kdebug/internal/client/client.go:114.40,115.43 1 1
kdebug/internal/client/client.go:115.43,117.3 1 1
kdebug/internal/client/client.go:119.2,119.11 1 0
kdebug/internal/client/client.go:123.76,125.22 1 0
kdebug/internal/client/client.go:125.22,126.71 1 0
kdebug/internal/client/client.go:126.71,128.4 1 0
kdebug/internal/client/client.go:132.2,135.60 4 0
kdebug/internal/client/client.go:135.60,137.3 1 0
kdebug/internal/client/client.go:139.2,139.18 1 0
kdebug/internal/client/client.go:143.59,144.22 1 1
kdebug/internal/client/client.go:144.22,146.3 1 1
kdebug/internal/client/client.go:148.2,148.55 1 1
kdebug/internal/client/client.go:148.55,150.3 1 1
kdebug/internal/client/client.go:152.2,153.16 2 0
kdebug/internal/client/client.go:153.16,155.3 1 0
kdebug/internal/client/client.go:157.2,157.35 1 0
kdebug/pkg/ingress/ingress.go:60.116,65.2 1 1
kdebug/pkg/ingress/ingress.go:68.146,73.16 3 0
kdebug/pkg/ingress/ingress.go:73.16,75.3 1 0
kdebug/pkg/ingress/ingress.go:78.2,97.33 4 0
kdebug/pkg/ingress/ingress.go:97.33,98.24 1 0
kdebug/pkg/ingress/ingress.go:99.28,100.20 1 0
kdebug/pkg/ingress/ingress.go:101.28,102.20 1 0
kdebug/pkg/ingress/ingress.go:103.29,104.22 1 0
kdebug/pkg/ingress/ingress.go:105.29,106.21 1 0
kdebug/pkg/ingress/ingress.go:109.2,111.20 2 0
kdebug/pkg/ingress/ingress.go:115.133,120.16 3 0
kdebug/pkg/ingress/ingress.go:120.16,122.3 1 0
kdebug/pkg/ingress/ingress.go:124.2,124.25 1 0
kdebug/pkg/ingress/ingress.go:124.25,127.3 2 0
kdebug/pkg/ingress/ingress.go:129.2,132.36 2 0
kdebug/pkg/ingress/ingress.go:132.36,133.23 1 0
kdebug/pkg/ingress/ingress.go:133.23,135.4 1 0
kdebug/pkg/ingress/ingress.go:137.3,141.17 4 0
kdebug/pkg/ingress/ingress.go:141.17,143.12 2 0
kdebug/pkg/ingress/ingress.go:146.3,146.36 1 0
kdebug/pkg/ingress/ingress.go:149.2,149.21 1 0
kdebug/pkg/ingress/ingress.go:153.112,156.16 2 0
kdebug/pkg/ingress/ingress.go:156.16,158.3 1 0
kdebug/pkg/ingress/ingress.go:160.2,166.16 3 0
kdebug/pkg/ingress/ingress.go:166.16,168.3 1 0
kdebug/pkg/ingress/ingress.go:171.2,172.16 2 0
kdebug/pkg/ingress/ingress.go:172.16,174.3 1 0
kdebug/pkg/ingress/ingress.go:177.2,177.31 1 0
kdebug/pkg/ingress/ingress.go:177.31,179.17 2 0
kdebug/pkg/ingress/ingress.go:179.17,181.4 1 0
kdebug/pkg/ingress/ingress.go:185.2,187.18 2 0
kdebug/pkg/ingress/ingress.go:191.133,205.27 4 0
kdebug/pkg/ingress/ingress.go:205.27,210.37 2 0
kdebug/pkg/ingress/ingress.go:210.37,212.4 1 0
kdebug/pkg/ingress/ingress.go:216.2,216.40 1 0
kdebug/pkg/ingress/ingress.go:216.40,217.56 1 0
kdebug/pkg/ingress/ingress.go:217.56,220.4 2 0
kdebug/pkg/ingress/ingress.go:223.2,223.16 1 0
kdebug/pkg/ingress/ingress.go:227.133,228.25 1 1
kdebug/pkg/ingress/ingress.go:228.25,238.3 1 1
kdebug/pkg/ingress/ingress.go:240.2,251.3 1 1
kdebug/pkg/ingress/ingress.go:255.140,262.34 4 1
kdebug/pkg/ingress/ingress.go:262.34,264.3 1 1
kdebug/pkg/ingress/ingress.go:267.2,268.42 2 1
kdebug/pkg/ingress/ingress.go:268.42,269.22 1 1
kdebug/pkg/ingress/ingress.go:269.22,271.4 1 0
kdebug/pkg/ingress/ingress.go:273.2,273.18 1 1
kdebug/pkg/ingress/ingress.go:273.18,275.3 1 0
kdebug/pkg/ingress/ingress.go:278.2,278.56 1 1
kdebug/pkg/ingress/ingress.go:278.56,280.3 1 0
kdebug/pkg/ingress/ingress.go:283.2,283.101 1 1
kdebug/pkg/ingress/ingress.go:283.101,285.3 1 0
kdebug/pkg/ingress/ingress.go:287.2,287.21 1 1
kdebug/pkg/ingress/ingress.go:287.21,300.3 1 1
kdebug/pkg/ingress/ingress.go:302.2,302.23 1 1
kdebug/pkg/ingress/ingress.go:302.23,314.3 1 0
kdebug/pkg/ingress/ingress.go:316.2,325.3 1 1
kdebug/pkg/ingress/ingress.go:329.135,333.47 3 0
kdebug/pkg/ingress/ingress.go:333.47,334.23 1 0
kdebug/pkg/ingress/ingress.go:334.23,335.12 1 0
kdebug/pkg/ingress/ingress.go:338.3,338.40 1 0
kdebug/pkg/ingress/ingress.go:338.40,339.35 1 0
kdebug/pkg/ingress/ingress.go:339.35,341.13 2 0
kdebug/pkg/ingress/ingress.go:344.4,349.45 4 0
kdebug/pkg/ingress/ingress.go:349.45,350.32 1 0
kdebug/pkg/ingress/ingress.go:350.32,356.42 4 0
kdebug/pkg/ingress/ingress.go:356.42,358.66 1 0
kdebug/pkg/ingress/ingress.go:358.66,360.13 2 0
kdebug/pkg/ingress/ingress.go:363.6,363.20 1 0
kdebug/pkg/ingress/ingress.go:363.20,365.7 1 0
kdebug/pkg/ingress/ingress.go:366.6,366.11 1 0
kdebug/pkg/ingress/ingress.go:370.4,370.14 1 0
kdebug/pkg/ingress/ingress.go:370.14,372.5 1 0
kdebug/pkg/ingress/ingress.go:376.2,376.21 1 0
kdebug/pkg/ingress/ingress.go:376.21,388.3 1 0
kdebug/pkg/ingress/ingress.go:390.2,398.3 1 0
kdebug/pkg/ingress/ingress.go:402.136,406.47 3 0
kdebug/pkg/ingress/ingress.go:406.47,407.23 1 0
kdebug/pkg/ingress/ingress.go:407.23,408.12 1 0
kdebug/pkg/ingress/ingress.go:411.3,411.40 1 0
kdebug/pkg/ingress/ingress.go:411.40,412.35 1 0
kdebug/pkg/ingress/ingress.go:412.35,413.13 1 0
kdebug/pkg/ingress/ingress.go:416.4,419.56 2 0
kdebug/pkg/ingress/ingress.go:419.56,421.135 1 0
kdebug/pkg/ingress/ingress.go:421.135,422.14 1 0
kdebug/pkg/ingress/ingress.go:425.5,425.42 1 0
kdebug/pkg/ingress/ingress.go:425.42,427.14 2 0
kdebug/pkg/ingress/ingress.go:430.5,430.54 1 0
kdebug/pkg/ingress/ingress.go:430.54,432.72 2 0
kdebug/pkg/ingress/ingress.go:432.72,434.7 1 0
kdebug/pkg/ingress/ingress.go:434.12,436.7 1 0
kdebug/pkg/ingress/ingress.go:438.5,438.10 1 0
kdebug/pkg/ingress/ingress.go:443.2,443.21 1 0
kdebug/pkg/ingress/ingress.go:443.21,456.3 1 0
kdebug/pkg/ingress/ingress.go:458.2,458.25 1 0
kdebug/pkg/ingress/ingress.go:458.25,470.3 1 0
kdebug/pkg/ingress/ingress.go:472.2,472.37 1 0
kdebug/pkg/ingress/ingress.go:472.37,484.3 1 0
kdebug/pkg/ingress/ingress.go:486.2,495.3 1 0
kdebug/pkg/ingress/ingress.go:499.136,500.37 1 0
kdebug/pkg/ingress/ingress.go:500.37,510.3 1 0
kdebug/pkg/ingress/ingress.go:512.2,515.44 3 0
kdebug/pkg/ingress/ingress.go:515.44,516.27 1 0
kdebug/pkg/ingress/ingress.go:516.27,518.12 2 0
kdebug/pkg/ingress/ingress.go:522.3,523.42 2 0
kdebug/pkg/ingress/ingress.go:523.42,524.37 1 0
kdebug/pkg/ingress/ingress.go:524.37,528.44 2 0
kdebug/pkg/ingress/ingress.go:528.44,530.6 1 0
kdebug/pkg/ingress/ingress.go:533.5,533.55 1 0
kdebug/pkg/ingress/ingress.go:533.55,535.6 1 0
kdebug/pkg/ingress/ingress.go:536.5,536.53 1 0
kdebug/pkg/ingress/ingress.go:536.53,538.6 1 0
kdebug/pkg/ingress/ingress.go:539.5,539.10 1 0
kdebug/pkg/ingress/ingress.go:543.3,543.19 1 0
kdebug/pkg/ingress/ingress.go:543.19,545.4 1 0
kdebug/pkg/ingress/ingress.go:548.3,548.26 1 0
kdebug/pkg/ingress/ingress.go:548.26,550.4 1 0
kdebug/pkg/ingress/ingress.go:553.2,553.21 1 0
kdebug/pkg/ingress/ingress.go:553.21,565.3 1 0
kdebug/pkg/ingress/ingress.go:567.2,567.23 1 0
kdebug/pkg/ingress/ingress.go:567.23,578.3 1 0
kdebug/pkg/ingress/ingress.go:580.2,588.3 1 0
kdebug/pkg/ingress/ingress.go:594.142,597.19 2 0
kdebug/pkg/ingress/ingress.go:597.19,599.17 2 0
kdebug/pkg/ingress/ingress.go:599.17,601.4 1 0
kdebug/pkg/ingress/ingress.go:602.3,602.36 1 0
kdebug/pkg/ingress/ingress.go:602.36,604.4 1 0
kdebug/pkg/ingress/ingress.go:605.8,607.17 2 0
kdebug/pkg/ingress/ingress.go:607.17,609.4 1 0
kdebug/pkg/ingress/ingress.go:610.3,610.36 1 0
kdebug/pkg/ingress/ingress.go:610.36,612.4 1 0
kdebug/pkg/ingress/ingress.go:615.2,615.23 1 0
kdebug/pkg/ingress/ingress.go:619.128,624.42 3 0
kdebug/pkg/ingress/ingress.go:624.42,625.23 1 0
kdebug/pkg/ingress/ingress.go:625.23,626.12 1 0
kdebug/pkg/ingress/ingress.go:628.3,628.40 1 0
kdebug/pkg/ingress/ingress.go:628.40,629.35 1 0
kdebug/pkg/ingress/ingress.go:629.35,631.5 1 0
kdebug/pkg/ingress/ingress.go:636.2,636.40 1 0
kdebug/pkg/ingress/ingress.go:636.40,638.17 2 0
kdebug/pkg/ingress/ingress.go:638.17,640.12 1 0
kdebug/pkg/ingress/ingress.go:642.3,642.39 1 0
kdebug/pkg/ingress/ingress.go:645.2,645.22 1 0
kdebug/pkg/ingress/ingress.go:649.140,654.42 3 0
kdebug/pkg/ingress/ingress.go:654.42,655.23 1 0
kdebug/pkg/ingress/ingress.go:655.23,656.12 1 0
kdebug/pkg/ingress/ingress.go:658.3,658.40 1 0
kdebug/pkg/ingress/ingress.go:658.40,659.35 1 0
kdebug/pkg/ingress/ingress.go:659.35,661.5 1 0
kdebug/pkg/ingress/ingress.go:666.2,666.40 1 0
kdebug/pkg/ingress/ingress.go:666.40,671.17 2 0
kdebug/pkg/ingress/ingress.go:671.17,673.12 1 0
kdebug/pkg/ingress/ingress.go:675.3,675.39 1 0
kdebug/pkg/ingress/ingress.go:675.39,677.4 1 0
kdebug/pkg/ingress/ingress.go:680.2,680.23 1 0
kdebug/pkg/ingress/ingress.go:684.122,689.39 3 0
kdebug/pkg/ingress/ingress.go:689.39,690.27 1 0
kdebug/pkg/ingress/ingress.go:690.27,692.4 1 0
kdebug/pkg/ingress/ingress.go:696.2,696.38 1 0
kdebug/pkg/ingress/ingress.go:696.38,698.17 2 0
kdebug/pkg/ingress/ingress.go:698.17,700.12 1 0
kdebug/pkg/ingress/ingress.go:702.3,702.36 1 0
kdebug/pkg/ingress/ingress.go:705.2,705.21 1 0
kdebug/pkg/ingress/ingress.go:709.86,710.50 1 0
kdebug/pkg/ingress/ingress.go:710.50,711.54 1 0
kdebug/pkg/ingress/ingress.go:711.54,713.4 1 0
kdebug/pkg/ingress/ingress.go:714.3,714.60 1 0
kdebug/pkg/ingress/ingress.go:714.60,716.4 1 0
kdebug/pkg/ingress/ingress.go:718.2,718.11 1 0
kdebug/pkg/ingress/ingress.go:722.60,723.42 1 1
kdebug/pkg/ingress/ingress.go:723.42,725.3 1 1
kdebug/pkg/ingress/ingress.go:726.2,726.81 1 1
kdebug/pkg/ingress/ingress.go:726.81,728.3 1 1
kdebug/pkg/ingress/ingress.go:729.2,729.18 1 1
kdebug/pkg/cluster/cluster.go:22.115,27.2 1 1
kdebug/pkg/cluster/cluster.go:30.99,33.16 2 0
kdebug/pkg/cluster/cluster.go:33.16,35.3 1 0
kdebug/pkg/cluster/cluster.go:38.2,65.20 11 0
kdebug/pkg/cluster/cluster.go:69.87,74.16 4 0
kdebug/pkg/cluster/cluster.go:74.16,82.3 1 0
kdebug/pkg/cluster/cluster.go:84.2,90.30 3 0
kdebug/pkg/cluster/cluster.go:90.30,98.3 1 0
kdebug/pkg/cluster/cluster.go:100.2,105.3 1 0
kdebug/pkg/cluster/cluster.go:109.87,113.16 3 0
kdebug/pkg/cluster/cluster.go:113.16,121.3 1 0
kdebug/pkg/cluster/cluster.go:123.2,123.27 1 0
kdebug/pkg/cluster/cluster.go:123.27,130.3 1 0
kdebug/pkg/cluster/cluster.go:133.2,139.29 4 0
kdebug/pkg/cluster/cluster.go:139.29,146.52 4 0
kdebug/pkg/cluster/cluster.go:146.52,147.26 1 0
kdebug/pkg/cluster/cluster.go:148.26,149.49 1 0
kdebug/pkg/cluster/cluster.go:149.49,152.6 2 0
kdebug/pkg/cluster/cluster.go:152.11,154.6 1 0
kdebug/pkg/cluster/cluster.go:155.35,156.49 1 0
kdebug/pkg/cluster/cluster.go:156.49,158.6 1 0
kdebug/pkg/cluster/cluster.go:159.33,160.49 1 0
kdebug/pkg/cluster/cluster.go:160.49,162.6 1 0
kdebug/pkg/cluster/cluster.go:163.32,164.49 1 0
kdebug/pkg/cluster/cluster.go:164.49,166.6 1 0
kdebug/pkg/cluster/cluster.go:167.39,168.49 1 0
kdebug/pkg/cluster/cluster.go:168.49,170.6 1 0
kdebug/pkg/cluster/cluster.go:175.3,175.26 1 0
kdebug/pkg/cluster/cluster.go:175.26,179.18 3 0
kdebug/pkg/cluster/cluster.go:179.18,181.5 1 0
kdebug/pkg/cluster/cluster.go:183.4,193.6 1 0
kdebug/pkg/cluster/cluster.go:198.2,198.60 1 0
kdebug/pkg/cluster/cluster.go:198.60,208.3 1 0
kdebug/pkg/cluster/cluster.go:208.8,210.22 2 0
kdebug/pkg/cluster/cluster.go:210.22,212.4 1 0
kdebug/pkg/cluster/cluster.go:214.3,224.18 1 0
kdebug/pkg/cluster/cluster.go:227.2,227.16 1 0
kdebug/pkg/cluster/cluster.go:231.89,238.16 3 0
kdebug/pkg/cluster/cluster.go:238.16,246.3 1 0
kdebug/pkg/cluster/cluster.go:248.2,248.32 1 0
kdebug/pkg/cluster/cluster.go:248.32,255.3 1 0
kdebug/pkg/cluster/cluster.go:258.2,259.34 2 0
kdebug/pkg/cluster/cluster.go:259.34,261.59 2 0
kdebug/pkg/cluster/cluster.go:261.59,263.4 1 0
kdebug/pkg/cluster/cluster.go:267.2,268.42 2 0
kdebug/pkg/cluster/cluster.go:268.42,270.28 2 0
kdebug/pkg/cluster/cluster.go:270.28,271.45 1 0
kdebug/pkg/cluster/cluster.go:271.45,273.5 1 0
kdebug/pkg/cluster/cluster.go:276.3,279.23 3 0
kdebug/pkg/cluster/cluster.go:279.23,283.4 3 0
kdebug/pkg/cluster/cluster.go:283.9,283.37 1 0
kdebug/pkg/cluster/cluster.go:283.37,286.4 2 0
kdebug/pkg/cluster/cluster.go:288.3,298.5 1 0
kdebug/pkg/cluster/cluster.go:302.2,305.17 3 0
kdebug/pkg/cluster/cluster.go:305.17,308.3 2 0
kdebug/pkg/cluster/cluster.go:310.2,319.16 2 0
kdebug/pkg/cluster/cluster.go:323.78,328.16 2 0
kdebug/pkg/cluster/cluster.go:328.16,336.3 1 0
kdebug/pkg/cluster/cluster.go:338.2,338.29 1 0
kdebug/pkg/cluster/cluster.go:338.29,345.3 1 0
kdebug/pkg/cluster/cluster.go:347.2,349.31 2 0
kdebug/pkg/cluster/cluster.go:349.31,351.44 2 0
kdebug/pkg/cluster/cluster.go:351.44,353.4 1 0
kdebug/pkg/cluster/cluster.go:356.2,361.25 2 0
kdebug/pkg/cluster/cluster.go:361.25,369.3 1 0
kdebug/pkg/cluster/cluster.go:371.2,371.41 1 0
kdebug/pkg/cluster/cluster.go:371.41,379.3 1 0
kdebug/pkg/cluster/cluster.go:381.2,386.3 1 0
kdebug/pkg/cluster/cluster.go:390.71,393.31 2 1
kdebug/pkg/cluster/cluster.go:393.31,394.16 1 1
kdebug/pkg/cluster/cluster.go:395.19,396.87 1 1
kdebug/pkg/cluster/cluster.go:397.25,398.73 1 1
kdebug/pkg/cluster/cluster.go:399.23,400.75 1 1
kdebug/pkg/cluster/cluster.go:401.22,402.88 1 0
kdebug/pkg/cluster/cluster.go:403.29,404.76 1 0
kdebug/pkg/cluster/cluster.go:408.2,408.26 1 1
kdebug/pkg/cluster/cluster.go:408.26,410.3 1 1
kdebug/pkg/cluster/cluster.go:411.2,411.54 1 1
kdebug/pkg/cluster/cluster.go:415.100,416.18 1 1
kdebug/pkg/cluster/cluster.go:416.18,418.3 1 1
kdebug/pkg/cluster/cluster.go:420.2,420.21 1 1
kdebug/pkg/cluster/cluster.go:420.21,422.3 1 1
kdebug/pkg/cluster/cluster.go:424.2,424.11 1 1
kdebug/pkg/cluster/cluster.go:428.90,431.31 2 1
kdebug/pkg/cluster/cluster.go:431.31,434.23 2 1
kdebug/pkg/cluster/cluster.go:435.28,436.20 1 1
kdebug/pkg/cluster/cluster.go:437.28,438.20 1 1
kdebug/pkg/cluster/cluster.go:439.29,440.22 1 1
kdebug/pkg/cluster/cluster.go:441.29,442.21 1 1
kdebug/pkg/cluster/cluster.go:446.2,446.16 1 1
kdebug/pkg/service/service.go:53.116,58.2 1 1
kdebug/pkg/service/service.go:61.146,66.16 3 0
kdebug/pkg/service/service.go:66.16,68.3 1 0
kdebug/pkg/service/service.go:71.2,92.35 3 0
kdebug/pkg/service/service.go:92.35,93.23 1 0
kdebug/pkg/service/service.go:93.23,95.4 1 0
kdebug/pkg/service/service.go:97.3,98.47 2 0
kdebug/pkg/service/service.go:102.2,104.20 2 0
kdebug/pkg/service/service.go:108.132,113.16 3 0
kdebug/pkg/service/service.go:113.16,115.3 1 0
kdebug/pkg/service/service.go:117.2,117.30 1 0
kdebug/pkg/service/service.go:117.30,120.3 2 0
kdebug/pkg/service/service.go:122.2,125.41 2 0
kdebug/pkg/service/service.go:125.41,126.23 1 0
kdebug/pkg/service/service.go:126.23,128.4 1 0
kdebug/pkg/service/service.go:130.3,134.17 4 0
kdebug/pkg/service/service.go:134.17,136.12 2 0
kdebug/pkg/service/service.go:139.3,139.36 1 0
kdebug/pkg/service/service.go:142.2,142.21 1 0
kdebug/pkg/service/service.go:146.119,151.16 3 0
kdebug/pkg/service/service.go:151.16,153.3 1 0
kdebug/pkg/service/service.go:154.2,158.16 3 0
kdebug/pkg/service/service.go:158.16,160.50 1 0
kdebug/pkg/service/service.go:160.50,162.4 1 0
kdebug/pkg/service/service.go:163.8,165.3 1 0
kdebug/pkg/service/service.go:168.2,168.36 1 0
kdebug/pkg/service/service.go:168.36,173.17 3 0
kdebug/pkg/service/service.go:173.17,174.30 1 0
kdebug/pkg/service/service.go:174.30,176.5 1 0
kdebug/pkg/service/service.go:181.2,184.16 2 0
kdebug/pkg/service/service.go:184.16,186.3 1 0
kdebug/pkg/service/service.go:188.2,188.18 1 0
kdebug/pkg/service/service.go:192.120,193.26 1 0
kdebug/pkg/service/service.go:193.26,195.3 1 0
kdebug/pkg/service/service.go:196.2,196.96 1 0
kdebug/pkg/service/service.go:200.133,201.25 1 1
kdebug/pkg/service/service.go:201.25,211.3 1 1
kdebug/pkg/service/service.go:213.2,223.3 1 1
kdebug/pkg/service/service.go:227.140,228.25 1 1
kdebug/pkg/service/service.go:228.25,234.3 1 0
kdebug/pkg/service/service.go:236.2,241.34 4 1
kdebug/pkg/service/service.go:241.34,244.3 2 1
kdebug/pkg/service/service.go:247.2,248.42 2 1
kdebug/pkg/service/service.go:248.42,249.22 1 1
kdebug/pkg/service/service.go:249.22,250.28 1 1
kdebug/pkg/service/service.go:250.28,253.5 2 0
kdebug/pkg/service/service.go:254.4,254.31 1 1
kdebug/pkg/service/service.go:259.2,259.27 1 1
kdebug/pkg/service/service.go:260.38,261.52 1 0
kdebug/pkg/service/service.go:261.52,264.4 2 0
kdebug/pkg/service/service.go:265.34,266.43 1 0
kdebug/pkg/service/service.go:266.43,267.54 1 0
kdebug/pkg/service/service.go:267.54,270.5 2 0
kdebug/pkg/service/service.go:272.38,273.38 1 1
kdebug/pkg/service/service.go:273.38,276.4 2 1
kdebug/pkg/service/service.go:279.2,279.21 1 1
kdebug/pkg/service/service.go:279.21,291.3 1 1
kdebug/pkg/service/service.go:293.2,301.3 1 1
kdebug/pkg/service/service.go:305.135,306.25 1 1
kdebug/pkg/service/service.go:306.25,312.3 1 0
kdebug/pkg/service/service.go:314.2,317.57 2 1
kdebug/pkg/service/service.go:317.57,323.3 1 1
kdebug/pkg/service/service.go:326.2,326.37 1 1
kdebug/pkg/service/service.go:326.37,336.3 1 1
kdebug/pkg/service/service.go:339.2,342.39 3 1
kdebug/pkg/service/service.go:342.39,343.22 1 1
kdebug/pkg/service/service.go:343.22,345.4 1 1
kdebug/pkg/service/service.go:348.2,348.23 1 1
kdebug/pkg/service/service.go:348.23,359.3 1 0
kdebug/pkg/service/service.go:361.2,361.20 1 1
kdebug/pkg/service/service.go:361.20,373.3 1 0
kdebug/pkg/service/service.go:375.2,384.3 1 1
kdebug/pkg/service/service.go:388.134,389.25 1 1
kdebug/pkg/service/service.go:389.25,395.3 1 0
kdebug/pkg/service/service.go:398.2,398.62 1 1
kdebug/pkg/service/service.go:398.62,404.3 1 0
kdebug/pkg/service/service.go:407.2,407.27 1 1
kdebug/pkg/service/service.go:407.27,417.3 1 1
kdebug/pkg/service/service.go:420.2,423.48 3 1
kdebug/pkg/service/service.go:423.48,426.3 2 1
kdebug/pkg/service/service.go:428.2,430.25 2 1
kdebug/pkg/service/service.go:430.25,441.3 1 0
kdebug/pkg/service/service.go:443.2,443.21 1 1
kdebug/pkg/service/service.go:443.21,454.3 1 0
kdebug/pkg/service/service.go:456.2,456.23 1 1
kdebug/pkg/service/service.go:456.23,467.3 1 0
kdebug/pkg/service/service.go:469.2,477.3 1 1
kdebug/pkg/service/service.go:481.137,482.25 1 1
kdebug/pkg/service/service.go:482.25,488.3 1 0
kdebug/pkg/service/service.go:490.2,495.42 4 1
kdebug/pkg/service/service.go:495.42,497.41 1 1
kdebug/pkg/service/service.go:497.41,500.4 2 1
kdebug/pkg/service/service.go:502.3,502.67 1 1
kdebug/pkg/service/service.go:502.67,503.36 1 0
kdebug/pkg/service/service.go:503.36,506.5 2 0
kdebug/pkg/service/service.go:510.3,510.121 1 1
kdebug/pkg/service/service.go:510.121,513.4 2 0
kdebug/pkg/service/service.go:516.2,516.21 1 1
kdebug/pkg/service/service.go:516.21,527.3 1 1
kdebug/pkg/service/service.go:529.2,536.3 1 1
kdebug/pkg/service/service.go:540.91,546.31 5 1
kdebug/pkg/service/service.go:546.31,547.23 1 1
kdebug/pkg/service/service.go:548.28,549.12 1 1
kdebug/pkg/service/service.go:550.28,551.12 1 1
kdebug/pkg/service/service.go:552.29,553.14 1 1
kdebug/pkg/service/service.go:554.29,555.13 1 1
kdebug/pkg/service/service.go:559.2,565.3 1 1
kdebug/pkg/service/service.go:569.39,570.50 1 1
kdebug/pkg/service/service.go:570.50,571.40 1 1
kdebug/pkg/service/service.go:571.40,573.4 1 1
kdebug/pkg/service/service.go:575.2,575.14 1 1
kdebug/pkg/pod/checks.go:17.127,20.26 2 0
kdebug/pkg/pod/checks.go:20.26,23.3 1 0
kdebug/pkg/pod/checks.go:26.2,28.39 2 0
kdebug/pkg/pod/checks.go:28.39,29.20 1 0
kdebug/pkg/pod/checks.go:30.16,31.56 1 0
kdebug/pkg/pod/checks.go:32.21,33.63 1 0
kdebug/pkg/pod/checks.go:34.17,35.56 1 0
kdebug/pkg/pod/checks.go:36.15,37.65 1 0
kdebug/pkg/pod/checks.go:38.15,39.26 1 0
kdebug/pkg/pod/checks.go:39.26,41.5 1 0
kdebug/pkg/pod/checks.go:42.26,43.59 1 0
kdebug/pkg/pod/checks.go:44.20,45.64 1 0
kdebug/pkg/pod/checks.go:46.18,47.58 1 0
kdebug/pkg/pod/checks.go:51.2,51.15 1 0
kdebug/pkg/pod/checks.go:55.79,58.26 2 1
kdebug/pkg/pod/checks.go:59.25,64.55 3 1
kdebug/pkg/pod/checks.go:64.55,65.20 1 1
kdebug/pkg/pod/checks.go:65.20,67.5 1 1
kdebug/pkg/pod/checks.go:70.3,70.41 1 1
kdebug/pkg/pod/checks.go:70.41,80.4 1 1
kdebug/pkg/pod/checks.go:82.3,90.4 1 1
kdebug/pkg/pod/checks.go:92.25,102.4 1 1
kdebug/pkg/pod/checks.go:104.24,114.4 1 1
kdebug/pkg/pod/checks.go:116.27,124.4 1 1
kdebug/pkg/pod/checks.go:126.10,135.4 1 0
kdebug/pkg/pod/checks.go:140.99,145.29 3 0
kdebug/pkg/pod/checks.go:145.29,156.3 1 0
kdebug/pkg/pod/checks.go:156.8,168.23 2 0
kdebug/pkg/pod/checks.go:168.23,170.4 1 0
kdebug/pkg/pod/checks.go:174.2,174.49 1 0
kdebug/pkg/pod/checks.go:174.49,176.3 1 0
kdebug/pkg/pod/checks.go:178.2,178.15 1 0
kdebug/pkg/pod/checks.go:182.78,187.54 3 1
kdebug/pkg/pod/checks.go:187.54,188.34 1 1
kdebug/pkg/pod/checks.go:188.34,192.18 3 1
kdebug/pkg/pod/checks.go:193.44,203.7 1 1
kdebug/pkg/pod/checks.go:205.28,214.7 1 1
kdebug/pkg/pod/checks.go:216.12,217.59 1 0
kdebug/pkg/pod/checks.go:217.59,228.6 1 0
kdebug/pkg/pod/checks.go:230.9,231.11 1 1
kdebug/pkg/pod/checks.go:232.69,241.7 1 1
kdebug/pkg/pod/checks.go:247.2,247.44 1 1
kdebug/pkg/pod/checks.go:247.44,248.59 1 1
kdebug/pkg/pod/checks.go:248.59,249.93 1 1
kdebug/pkg/pod/checks.go:249.93,260.5 1 1
kdebug/pkg/pod/checks.go:264.2,264.15 1 1
kdebug/pkg/pod/checks.go:268.101,273.9 3 0
kdebug/pkg/pod/checks.go:274.41,282.5 1 0
kdebug/pkg/pod/checks.go:283.34,292.5 1 0
kdebug/pkg/pod/checks.go:293.10,304.54 2 0
kdebug/pkg/pod/checks.go:307.2,307.15 1 0
kdebug/pkg/pod/checks.go:311.80,314.34 2 0
kdebug/pkg/pod/checks.go:314.34,321.3 2 0
kdebug/pkg/pod/checks.go:323.2,323.54 1 0
kdebug/pkg/pod/checks.go:323.54,324.17 1 0
kdebug/pkg/pod/checks.go:324.17,333.12 2 0
kdebug/pkg/pod/checks.go:337.3,341.57 3 0
kdebug/pkg/pod/checks.go:341.57,344.4 2 0
kdebug/pkg/pod/checks.go:347.2,347.15 1 0
kdebug/pkg/pod/checks.go:351.81,355.39 3 0
kdebug/pkg/pod/checks.go:355.39,362.3 2 0
kdebug/pkg/pod/checks.go:365.2,365.56 1 0
kdebug/pkg/pod/checks.go:365.56,366.48 1 0
kdebug/pkg/pod/checks.go:366.48,369.4 2 0
kdebug/pkg/pod/checks.go:369.9,375.4 1 0
kdebug/pkg/pod/checks.go:378.2,378.15 1 0
kdebug/pkg/pod/checks.go:382.86,396.2 6 0
kdebug/pkg/pod/checks.go:399.80,404.28 3 0
kdebug/pkg/pod/checks.go:404.28,411.3 1 0
kdebug/pkg/pod/checks.go:411.8,420.3 1 0
kdebug/pkg/pod/checks.go:423.2,428.15 3 0
kdebug/pkg/pod/checks.go:433.71,437.36 2 0
kdebug/pkg/pod/checks.go:437.36,438.41 1 0
kdebug/pkg/pod/checks.go:438.41,439.55 1 0
kdebug/pkg/pod/checks.go:439.55,441.5 1 0
kdebug/pkg/pod/checks.go:442.4,442.60 1 0
kdebug/pkg/pod/checks.go:442.60,444.5 1 0
kdebug/pkg/pod/checks.go:445.4,445.69 1 0
kdebug/pkg/pod/checks.go:445.69,447.5 1 0
kdebug/pkg/pod/checks.go:451.2,451.27 1 0
kdebug/pkg/pod/checks.go:451.27,453.3 1 0
kdebug/pkg/pod/checks.go:455.2,455.40 1 0
kdebug/pkg/pod/checks.go:458.78,459.93 1 1
kdebug/pkg/pod/checks.go:459.93,461.3 1 1
kdebug/pkg/pod/checks.go:462.2,462.94 1 1
kdebug/pkg/pod/checks.go:462.94,464.3 1 1
kdebug/pkg/pod/checks.go:465.2,465.85 1 1
kdebug/pkg/pod/checks.go:465.85,467.3 1 1
kdebug/pkg/pod/checks.go:468.2,468.50 1 1
kdebug/pkg/pod/checks.go:468.50,470.3 1 1
kdebug/pkg/pod/checks.go:472.2,472.71 1 1
kdebug/pkg/pod/checks.go:475.83,478.51 2 0
kdebug/pkg/pod/checks.go:478.51,479.25 1 0
kdebug/pkg/pod/checks.go:480.25,481.48 1 0
kdebug/pkg/pod/checks.go:481.48,483.5 1 0
kdebug/pkg/pod/checks.go:484.34,485.48 1 0
kdebug/pkg/pod/checks.go:485.48,487.5 1 0
kdebug/pkg/pod/checks.go:488.32,489.48 1 0
kdebug/pkg/pod/checks.go:489.48,491.5 1 0
kdebug/pkg/pod/checks.go:492.31,493.48 1 0
kdebug/pkg/pod/checks.go:493.48,495.5 1 0
kdebug/pkg/pod/checks.go:496.38,497.48 1 0
kdebug/pkg/pod/checks.go:497.48,499.5 1 0
kdebug/pkg/pod/checks.go:503.2,503.21 1 0
kdebug/pkg/pod/checks.go:503.21,513.3 1 0
kdebug/pkg/pod/checks.go:515.2,522.3 1 0
kdebug/pkg/pod/checks.go:525.97,530.48 3 0
kdebug/pkg/pod/checks.go:530.48,531.77 1 0
kdebug/pkg/pod/checks.go:531.77,533.4 1 0
kdebug/pkg/pod/checks.go:534.3,534.86 1 0
kdebug/pkg/pod/checks.go:534.86,536.4 1 0
kdebug/pkg/pod/checks.go:540.2,544.31 4 0
kdebug/pkg/pod/checks.go:544.31,546.3 1 0
kdebug/pkg/pod/checks.go:547.2,547.37 1 0
kdebug/pkg/pod/checks.go:547.37,549.3 1 0
kdebug/pkg/pod/checks.go:551.2,551.21 1 0
kdebug/pkg/pod/checks.go:551.21,561.3 1 0
kdebug/pkg/pod/checks.go:563.2,571.3 1 0
kdebug/pkg/pod/checks.go:574.77,577.36 2 0
kdebug/pkg/pod/checks.go:577.36,580.95 1 0
kdebug/pkg/pod/checks.go:580.95,591.4 1 0
kdebug/pkg/pod/checks.go:594.2,594.22 1 0
kdebug/pkg/pod/checks.go:594.22,600.3 1 0
kdebug/pkg/pod/checks.go:602.2,602.15 1 0
kdebug/pkg/pod/checks.go:605.93,623.40 3 1
kdebug/pkg/pod/checks.go:623.40,625.30 2 1
kdebug/pkg/pod/checks.go:625.30,626.28 1 1
kdebug/pkg/pod/checks.go:626.28,636.5 1 1
kdebug/pkg/pod/checks.go:640.2,647.3 1 1
kdebug/pkg/pod/checks.go:650.93,651.54 1 1
kdebug/pkg/pod/checks.go:651.54,652.35 1 1
kdebug/pkg/pod/checks.go:652.35,656.4 1 1
kdebug/pkg/pod/checks.go:658.2,658.14 1 1
kdebug/pkg/pod/checks.go:661.113,663.54 2 0
kdebug/pkg/pod/checks.go:663.54,664.35 1 0
kdebug/pkg/pod/checks.go:664.35,666.9 2 0
kdebug/pkg/pod/checks.go:671.2,673.61 3 0
kdebug/pkg/pod/checks.go:673.61,674.40 1 0
kdebug/pkg/pod/checks.go:674.40,676.4 1 0
kdebug/pkg/pod/checks.go:679.2,680.24 2 0
kdebug/pkg/pod/checks.go:680.24,683.57 2 0
kdebug/pkg/pod/checks.go:683.57,685.4 1 0
kdebug/pkg/pod/checks.go:688.2,696.3 1 0
kdebug/pkg/pod/checks.go:699.113,700.36 1 0
kdebug/pkg/pod/checks.go:700.36,701.44 1 0
kdebug/pkg/pod/checks.go:701.44,710.4 1 0
kdebug/pkg/pod/checks.go:712.3,721.4 1 0
kdebug/pkg/pod/checks.go:724.2,724.33 1 0
kdebug/pkg/pod/checks.go:724.33,734.3 1 0
kdebug/pkg/pod/checks.go:736.2,736.33 1 0
kdebug/pkg/pod/checks.go:736.33,745.3 1 0
kdebug/pkg/pod/checks.go:747.2,751.3 1 0
kdebug/pkg/pod/checks.go:754.75,760.18 4 1
kdebug/pkg/pod/checks.go:761.31,763.57 2 1
kdebug/pkg/pod/checks.go:764.30,766.74 2 1
kdebug/pkg/pod/checks.go:767.31,770.32 3 1
kdebug/pkg/pod/checks.go:771.10,773.32 2 0
kdebug/pkg/pod/checks.go:776.2,784.3 1 1
kdebug/pkg/pod/checks.go:787.83,791.48 3 1
kdebug/pkg/pod/checks.go:791.48,792.44 1 1
kdebug/pkg/pod/checks.go:792.44,794.4 1 1
kdebug/pkg/pod/checks.go:795.3,795.42 1 1
kdebug/pkg/pod/checks.go:795.42,797.4 1 1
kdebug/pkg/pod/checks.go:798.3,798.50 1 1
kdebug/pkg/pod/checks.go:801.2,804.9 3 1
kdebug/pkg/pod/checks.go:805.32,808.83 3 1
kdebug/pkg/pod/checks.go:809.19,812.106 3 1
kdebug/pkg/pod/checks.go:813.17,816.79 3 1
kdebug/pkg/pod/checks.go:817.10,820.108 3 1
kdebug/pkg/pod/checks.go:823.2,831.3 1 1
kdebug/pkg/pod/checks.go:834.79,835.36 1 0
kdebug/pkg/pod/checks.go:835.36,837.52 1 0
kdebug/pkg/pod/checks.go:837.52,847.4 1 0
kdebug/pkg/pod/checks.go:849.3,849.83 1 0
kdebug/pkg/pod/checks.go:849.83,859.4 1 0
kdebug/pkg/pod/checks.go:862.2,866.3 1 0
kdebug/pkg/pod/checks.go:869.83,870.71 1 0
kdebug/pkg/pod/checks.go:870.71,880.3 1 0
kdebug/pkg/pod/checks.go:882.2,889.3 1 0
kdebug/pkg/pod/checks.go:892.78,893.36 1 0
kdebug/pkg/pod/checks.go:893.36,896.43 1 0
kdebug/pkg/pod/checks.go:896.43,906.4 1 0
kdebug/pkg/pod/checks.go:909.2,913.3 1 0
kdebug/pkg/pod/checks.go:918.99,919.39 1 1
kdebug/pkg/pod/checks.go:919.39,920.53 1 1
kdebug/pkg/pod/checks.go:920.53,922.4 1 1
kdebug/pkg/pod/checks.go:924.2,924.12 1 0
kdebug/pkg/pod/checks.go:927.67,928.22 1 1
kdebug/pkg/pod/checks.go:928.22,930.3 1 0
kdebug/pkg/pod/checks.go:931.2,931.33 1 1
kdebug/pkg/pod/pod.go:75.101,80.2 1 1
kdebug/pkg/pod/pod.go:83.112,89.16 4 0
kdebug/pkg/pod/pod.go:89.16,91.3 1 0
kdebug/pkg/pod/pod.go:94.2,107.20 4 0
kdebug/pkg/pod/pod.go:111.100,117.16 4 0
kdebug/pkg/pod/pod.go:117.16,119.3 1 0
kdebug/pkg/pod/pod.go:121.2,121.26 1 0
kdebug/pkg/pod/pod.go:121.26,134.3 1 0
kdebug/pkg/pod/pod.go:136.2,139.28 2 0
kdebug/pkg/pod/pod.go:139.28,145.17 4 0
kdebug/pkg/pod/pod.go:145.17,147.12 2 0
kdebug/pkg/pod/pod.go:150.3,153.28 2 0
kdebug/pkg/pod/pod.go:153.28,155.4 1 0
kdebug/pkg/pod/pod.go:157.3,157.46 1 0
kdebug/pkg/pod/pod.go:161.2,171.20 3 0
kdebug/pkg/pod/pod.go:175.81,183.16 4 0
kdebug/pkg/pod/pod.go:183.16,185.3 1 0
kdebug/pkg/pod/pod.go:186.2,188.42 2 0
kdebug/pkg/pod/pod.go:188.42,189.21 1 0
kdebug/pkg/pod/pod.go:190.36,194.18 3 0
kdebug/pkg/pod/pod.go:194.18,196.13 2 0
kdebug/pkg/pod/pod.go:199.4,199.55 1 0
kdebug/pkg/pod/pod.go:199.55,201.5 1 0
kdebug/pkg/pod/pod.go:202.4,202.52 1 0
kdebug/pkg/pod/pod.go:204.22,206.14 2 0
kdebug/pkg/pod/pod.go:208.20,210.36 2 0
kdebug/pkg/pod/pod.go:214.2,214.12 1 0
kdebug/pkg/pod/pod.go:218.119,221.16 2 0
kdebug/pkg/pod/pod.go:221.16,223.3 1 0
kdebug/pkg/pod/pod.go:225.2,225.49 1 0
kdebug/pkg/pod/pod.go:229.127,239.16 3 0
kdebug/pkg/pod/pod.go:239.16,241.3 1 0
kdebug/pkg/pod/pod.go:241.8,243.3 1 0
kdebug/pkg/pod/pod.go:246.2,246.39 1 0
kdebug/pkg/pod/pod.go:246.39,248.17 2 0
kdebug/pkg/pod/pod.go:248.17,250.4 1 0
kdebug/pkg/pod/pod.go:250.9,252.4 1 0
kdebug/pkg/pod/pod.go:256.2,256.29 1 0
kdebug/pkg/pod/pod.go:256.29,258.17 2 0
kdebug/pkg/pod/pod.go:258.17,260.4 1 0
kdebug/pkg/pod/pod.go:260.9,262.4 1 0
kdebug/pkg/pod/pod.go:266.2,266.47 1 0
kdebug/pkg/pod/pod.go:266.47,268.3 1 0
kdebug/pkg/pod/pod.go:270.2,270.18 1 0
kdebug/pkg/pod/pod.go:274.106,278.26 3 0
kdebug/pkg/pod/pod.go:278.26,280.49 1 0
kdebug/pkg/pod/pod.go:280.49,282.4 1 0
kdebug/pkg/pod/pod.go:283.3,283.53 1 0
kdebug/pkg/pod/pod.go:283.53,285.4 1 0
kdebug/pkg/pod/pod.go:288.2,293.43 2 0
kdebug/pkg/pod/pod.go:293.43,298.17 3 0
kdebug/pkg/pod/pod.go:298.17,302.18 3 0
kdebug/pkg/pod/pod.go:302.18,304.13 2 0
kdebug/pkg/pod/pod.go:308.3,308.16 1 0
kdebug/pkg/pod/pod.go:308.16,309.49 1 0
kdebug/pkg/pod/pod.go:309.49,312.5 1 0
kdebug/pkg/pod/pod.go:315.3,317.7 3 0
kdebug/pkg/pod/pod.go:317.7,319.13 2 0
kdebug/pkg/pod/pod.go:319.13,321.5 1 0
kdebug/pkg/pod/pod.go:322.4,322.18 1 0
kdebug/pkg/pod/pod.go:322.18,323.10 1 0
kdebug/pkg/pod/pod.go:327.3,330.30 2 0
kdebug/pkg/pod/pod.go:335.60,336.83 1 1
kdebug/pkg/pod/pod.go:336.83,338.3 1 1
kdebug/pkg/pod/pod.go:341.2,341.54 1 1
kdebug/pkg/pod/pod.go:341.54,342.34 1 1
kdebug/pkg/pod/pod.go:342.34,345.62 2 1
kdebug/pkg/pod/pod.go:345.62,347.5 1 1
kdebug/pkg/pod/pod.go:349.3,349.30 1 1
kdebug/pkg/pod/pod.go:349.30,351.4 1 1
kdebug/pkg/pod/pod.go:354.2,354.14 1 1
kdebug/pkg/pod/pod.go:358.29,361.2 2 0
kdebug/pkg/pod/pod.go:364.86,367.31 2 1
kdebug/pkg/pod/pod.go:367.31,368.23 1 1
kdebug/pkg/pod/pod.go:369.17,370.20 1 1
kdebug/pkg/pod/pod.go:371.17,372.20 1 1
kdebug/pkg/pod/pod.go:373.18,374.22 1 1
kdebug/pkg/pod/pod.go:375.18,376.21 1 1
kdebug/pkg/pod/pod.go:378.3,378.18 1 1
kdebug/pkg/pod/pod.go:381.2,381.16 1 1
