mode: set
kdebug/internal/output/output.go:68.67,72.22 2 1
kdebug/internal/output/output.go:73.43,73.43 0 1
kdebug/internal/output/output.go:75.10,76.29 1 1
kdebug/internal/output/output.go:79.2,82.3 1 1
kdebug/internal/output/output.go:86.69,87.18 1 1
kdebug/internal/output/output.go:88.18,89.29 1 1
kdebug/internal/output/output.go:90.18,91.29 1 1
kdebug/internal/output/output.go:92.19,93.14 1 1
kdebug/internal/output/output.go:94.10,95.30 1 1
kdebug/internal/output/output.go:100.67,104.2 3 1
kdebug/internal/output/output.go:107.67,111.2 3 1
kdebug/internal/output/output.go:114.68,119.46 2 1
kdebug/internal/output/output.go:119.46,121.46 2 1
kdebug/internal/output/output.go:121.46,123.4 1 1
kdebug/internal/output/output.go:124.3,124.16 1 1
kdebug/internal/output/output.go:128.2,141.38 12 1
kdebug/internal/output/output.go:141.38,146.38 3 1
kdebug/internal/output/output.go:146.38,148.4 1 0
kdebug/internal/output/output.go:150.3,153.83 2 1
kdebug/internal/output/output.go:153.83,154.30 1 1
kdebug/internal/output/output.go:154.30,156.5 1 1
kdebug/internal/output/output.go:157.4,157.25 1 1
kdebug/internal/output/output.go:157.25,159.5 1 0
kdebug/internal/output/output.go:160.4,160.42 1 1
kdebug/internal/output/output.go:160.42,162.5 1 1
kdebug/internal/output/output.go:166.2,170.31 3 1
kdebug/internal/output/output.go:170.31,172.3 1 1
kdebug/internal/output/output.go:173.2,173.33 1 1
kdebug/internal/output/output.go:173.33,175.3 1 1
kdebug/internal/output/output.go:176.2,176.32 1 1
kdebug/internal/output/output.go:176.32,178.3 1 0
kdebug/internal/output/output.go:179.2,182.78 2 1
kdebug/internal/output/output.go:182.78,184.39 2 1
kdebug/internal/output/output.go:184.39,185.69 1 1
kdebug/internal/output/output.go:185.69,187.31 2 1
kdebug/internal/output/output.go:187.31,189.6 1 1
kdebug/internal/output/output.go:192.3,192.63 1 1
kdebug/internal/output/output.go:195.2,195.12 1 1
kdebug/internal/output/output.go:199.65,200.16 1 1
kdebug/internal/output/output.go:201.20,202.15 1 1
kdebug/internal/output/output.go:203.20,204.15 1 1
kdebug/internal/output/output.go:205.21,206.18 1 1
kdebug/internal/output/output.go:207.21,208.18 1 1
kdebug/internal/output/output.go:209.10,210.15 1 1
kdebug/internal/output/output.go:215.63,217.16 2 1
kdebug/internal/output/output.go:217.16,218.16 1 0
kdebug/internal/output/output.go:218.16,220.4 1 0
kdebug/internal/output/output.go:225.54,227.2 1 1
kdebug/internal/output/output.go:230.51,232.2 1 1
kdebug/internal/output/output.go:235.54,237.2 1 1
kdebug/internal/client/client.go:23.72,27.22 3 1
kdebug/internal/client/client.go:27.22,30.17 2 1
kdebug/internal/client/client.go:30.17,33.4 1 1
kdebug/internal/client/client.go:36.2,36.19 1 1
kdebug/internal/client/client.go:36.19,39.17 2 1
kdebug/internal/client/client.go:39.17,41.4 1 1
kdebug/internal/client/client.go:45.2,46.16 2 1
kdebug/internal/client/client.go:46.16,48.3 1 0
kdebug/internal/client/client.go:51.2,52.16 2 1
kdebug/internal/client/client.go:52.16,54.3 1 0
kdebug/internal/client/client.go:56.2,60.8 1 1
kdebug/internal/client/client.go:64.70,66.16 2 1
kdebug/internal/client/client.go:66.16,68.3 1 1
kdebug/internal/client/client.go:69.2,69.12 1 0
kdebug/internal/client/client.go:73.91,75.16 2 0
kdebug/internal/client/client.go:75.16,77.3 1 0
kdebug/internal/client/client.go:79.2,87.18 2 0
kdebug/internal/client/client.go:91.40,92.43 1 1
kdebug/internal/client/client.go:92.43,94.3 1 1
kdebug/internal/client/client.go:95.2,95.11 1 0
kdebug/internal/client/client.go:99.59,100.22 1 1
kdebug/internal/client/client.go:100.22,102.3 1 1
kdebug/internal/client/client.go:104.2,104.55 1 1
kdebug/internal/client/client.go:104.55,106.3 1 1
kdebug/internal/client/client.go:108.2,109.16 2 1
kdebug/internal/client/client.go:109.16,111.3 1 0
kdebug/internal/client/client.go:113.2,113.35 1 1
kdebug/pkg/cluster/cluster.go:22.115,27.2 1 1
kdebug/pkg/cluster/cluster.go:30.99,33.16 2 0
kdebug/pkg/cluster/cluster.go:33.16,35.3 1 0
kdebug/pkg/cluster/cluster.go:38.2,65.20 11 0
kdebug/pkg/cluster/cluster.go:69.87,74.16 4 0
kdebug/pkg/cluster/cluster.go:74.16,82.3 1 0
kdebug/pkg/cluster/cluster.go:84.2,90.30 3 0
kdebug/pkg/cluster/cluster.go:90.30,98.3 1 0
kdebug/pkg/cluster/cluster.go:100.2,105.3 1 0
kdebug/pkg/cluster/cluster.go:109.87,113.16 3 0
kdebug/pkg/cluster/cluster.go:113.16,121.3 1 0
kdebug/pkg/cluster/cluster.go:123.2,123.27 1 0
kdebug/pkg/cluster/cluster.go:123.27,130.3 1 0
kdebug/pkg/cluster/cluster.go:133.2,138.35 4 0
kdebug/pkg/cluster/cluster.go:138.35,143.52 3 0
kdebug/pkg/cluster/cluster.go:143.52,144.26 1 0
kdebug/pkg/cluster/cluster.go:145.26,146.49 1 0
kdebug/pkg/cluster/cluster.go:146.49,149.6 2 0
kdebug/pkg/cluster/cluster.go:149.11,151.6 1 0
kdebug/pkg/cluster/cluster.go:152.35,153.49 1 0
kdebug/pkg/cluster/cluster.go:153.49,155.6 1 0
kdebug/pkg/cluster/cluster.go:156.33,157.49 1 0
kdebug/pkg/cluster/cluster.go:157.49,159.6 1 0
kdebug/pkg/cluster/cluster.go:160.32,161.49 1 0
kdebug/pkg/cluster/cluster.go:161.49,163.6 1 0
kdebug/pkg/cluster/cluster.go:164.39,165.49 1 0
kdebug/pkg/cluster/cluster.go:165.49,167.6 1 0
kdebug/pkg/cluster/cluster.go:172.3,172.26 1 0
kdebug/pkg/cluster/cluster.go:172.26,176.18 3 0
kdebug/pkg/cluster/cluster.go:176.18,178.5 1 0
kdebug/pkg/cluster/cluster.go:180.4,190.6 1 0
kdebug/pkg/cluster/cluster.go:195.2,195.60 1 0
kdebug/pkg/cluster/cluster.go:195.60,205.3 1 0
kdebug/pkg/cluster/cluster.go:205.8,207.22 2 0
kdebug/pkg/cluster/cluster.go:207.22,209.4 1 0
kdebug/pkg/cluster/cluster.go:211.3,221.18 1 0
kdebug/pkg/cluster/cluster.go:224.2,224.16 1 0
kdebug/pkg/cluster/cluster.go:228.89,236.16 3 0
kdebug/pkg/cluster/cluster.go:236.16,244.3 1 0
kdebug/pkg/cluster/cluster.go:246.2,246.32 1 0
kdebug/pkg/cluster/cluster.go:246.32,253.3 1 0
kdebug/pkg/cluster/cluster.go:256.2,257.39 2 0
kdebug/pkg/cluster/cluster.go:257.39,258.59 1 0
kdebug/pkg/cluster/cluster.go:258.59,260.4 1 0
kdebug/pkg/cluster/cluster.go:264.2,265.42 2 0
kdebug/pkg/cluster/cluster.go:265.42,267.28 2 0
kdebug/pkg/cluster/cluster.go:267.28,268.45 1 0
kdebug/pkg/cluster/cluster.go:268.45,270.5 1 0
kdebug/pkg/cluster/cluster.go:273.3,276.23 3 0
kdebug/pkg/cluster/cluster.go:276.23,280.4 3 0
kdebug/pkg/cluster/cluster.go:280.9,280.37 1 0
kdebug/pkg/cluster/cluster.go:280.37,283.4 2 0
kdebug/pkg/cluster/cluster.go:285.3,295.5 1 0
kdebug/pkg/cluster/cluster.go:299.2,301.17 3 0
kdebug/pkg/cluster/cluster.go:301.17,304.3 2 0
kdebug/pkg/cluster/cluster.go:306.2,315.16 2 0
kdebug/pkg/cluster/cluster.go:319.78,325.16 2 0
kdebug/pkg/cluster/cluster.go:325.16,333.3 1 0
kdebug/pkg/cluster/cluster.go:335.2,335.29 1 0
kdebug/pkg/cluster/cluster.go:335.29,342.3 1 0
kdebug/pkg/cluster/cluster.go:344.2,347.36 3 0
kdebug/pkg/cluster/cluster.go:347.36,348.44 1 0
kdebug/pkg/cluster/cluster.go:348.44,350.4 1 0
kdebug/pkg/cluster/cluster.go:350.9,352.4 1 0
kdebug/pkg/cluster/cluster.go:355.2,360.25 2 0
kdebug/pkg/cluster/cluster.go:360.25,368.3 1 0
kdebug/pkg/cluster/cluster.go:370.2,370.41 1 0
kdebug/pkg/cluster/cluster.go:370.41,378.3 1 0
kdebug/pkg/cluster/cluster.go:380.2,385.3 1 0
kdebug/pkg/cluster/cluster.go:389.71,392.31 2 1
kdebug/pkg/cluster/cluster.go:392.31,393.16 1 1
kdebug/pkg/cluster/cluster.go:394.19,395.87 1 1
kdebug/pkg/cluster/cluster.go:396.25,397.73 1 1
kdebug/pkg/cluster/cluster.go:398.23,399.75 1 1
kdebug/pkg/cluster/cluster.go:400.22,401.88 1 0
kdebug/pkg/cluster/cluster.go:402.29,403.76 1 0
kdebug/pkg/cluster/cluster.go:407.2,407.26 1 1
kdebug/pkg/cluster/cluster.go:407.26,409.3 1 1
kdebug/pkg/cluster/cluster.go:410.2,410.54 1 1
kdebug/pkg/cluster/cluster.go:414.100,415.18 1 1
kdebug/pkg/cluster/cluster.go:415.18,417.3 1 1
kdebug/pkg/cluster/cluster.go:418.2,418.21 1 1
kdebug/pkg/cluster/cluster.go:418.21,420.3 1 1
kdebug/pkg/cluster/cluster.go:421.2,421.11 1 1
kdebug/pkg/cluster/cluster.go:425.90,428.31 2 1
kdebug/pkg/cluster/cluster.go:428.31,430.23 2 1
kdebug/pkg/cluster/cluster.go:431.28,432.20 1 1
kdebug/pkg/cluster/cluster.go:433.28,434.20 1 1
kdebug/pkg/cluster/cluster.go:435.29,436.22 1 1
kdebug/pkg/cluster/cluster.go:437.29,438.21 1 1
kdebug/pkg/cluster/cluster.go:442.2,442.16 1 1
kdebug/main.go:9.13,11.2 1 0
kdebug/cmd/cluster.go:52.13,59.2 3 0
kdebug/cmd/cluster.go:62.69,71.13 4 0
kdebug/cmd/cluster.go:71.13,74.23 3 0
kdebug/cmd/cluster.go:74.23,76.4 1 0
kdebug/cmd/cluster.go:77.3,77.16 1 0
kdebug/cmd/cluster.go:81.2,82.16 2 0
kdebug/cmd/cluster.go:82.16,85.3 2 0
kdebug/cmd/cluster.go:88.2,88.54 1 0
kdebug/cmd/cluster.go:88.54,92.3 3 0
kdebug/cmd/cluster.go:95.2,99.16 3 0
kdebug/cmd/cluster.go:99.16,102.3 2 0
kdebug/cmd/cluster.go:105.2,105.15 1 0
kdebug/cmd/cluster.go:105.15,107.3 1 0
kdebug/cmd/cluster.go:110.2,110.54 1 0
kdebug/cmd/cluster.go:110.54,113.3 2 0
kdebug/cmd/cluster.go:116.2,116.31 1 0
kdebug/cmd/cluster.go:116.31,123.3 4 0
kdebug/cmd/cluster.go:125.2,125.33 1 0
kdebug/cmd/cluster.go:125.33,129.3 3 0
kdebug/cmd/cluster.go:131.2,131.64 1 0
kdebug/cmd/cluster.go:131.64,134.3 2 0
kdebug/cmd/cluster.go:136.2,136.12 1 0
kdebug/cmd/cluster.go:140.85,143.38 2 0
kdebug/cmd/cluster.go:143.38,146.54 1 0
kdebug/cmd/cluster.go:146.54,148.4 1 0
kdebug/cmd/cluster.go:152.2,158.39 5 0
kdebug/cmd/cluster.go:158.39,160.23 2 0
kdebug/cmd/cluster.go:161.28,162.23 1 0
kdebug/cmd/cluster.go:163.28,164.23 1 0
kdebug/cmd/cluster.go:165.29,166.25 1 0
kdebug/cmd/cluster.go:167.29,168.24 1 0
kdebug/cmd/cluster.go:171.2,173.19 2 0
kdebug/cmd/cluster.go:177.54,178.36 1 0
kdebug/cmd/cluster.go:178.36,179.28 1 0
kdebug/cmd/cluster.go:179.28,180.45 1 0
kdebug/cmd/cluster.go:180.45,181.37 1 0
kdebug/cmd/cluster.go:181.37,183.6 1 0
kdebug/cmd/cluster.go:187.2,187.14 1 0
kdebug/cmd/root.go:33.16,35.16 2 0
kdebug/cmd/root.go:35.16,37.3 1 0
kdebug/cmd/root.go:48.13,54.2 4 0
